CRITICAL - 2025-11-13 04:51:45 --> CodeIgniter\View\Exceptions\ViewException: Invalid file: "admin/admin.php"
[Method: GET, Route: admin]
in SYSTEMPATH\Exceptions\FrameworkException.php on line 39.
 1 SYSTEMPATH\View\View.php(214): CodeIgniter\Exceptions\FrameworkException::forInvalidFile('admin/admin.php')
 2 SYSTEMPATH\Common.php(1167): CodeIgniter\View\View->render('admin/admin', [], true)
 3 APPPATH\Controllers\admin.php(9): view('admin/admin')
 4 SYSTEMPATH\CodeIgniter.php(933): App\Controllers\admin->index()
 5 SYSTEMPATH\CodeIgniter.php(507): CodeIgniter\CodeIgniter->runController(Object(App\Controllers\admin))
 6 SYSTEMPATH\CodeIgniter.php(354): CodeIgniter\CodeIgniter->handleRequest(null, Object(Config\Cache), false)
 7 SYSTEMPATH\Boot.php(363): CodeIgniter\CodeIgniter->run()
 8 SYSTEMPATH\Boot.php(68): CodeIgniter\Boot::runCodeIgniter(Object(CodeIgniter\CodeIgniter))
 9 FCPATH\index.php(59): CodeIgniter\Boot::bootWeb(Object(Config\Paths))
10 SYSTEMPATH\rewrite.php(44): require_once('C:\\laragon\\www\\PWEB2\\cip\\public\\index.php')
CRITICAL - 2025-11-13 04:51:46 --> CodeIgniter\View\Exceptions\ViewException: Invalid file: "admin/admin.php"
[Method: GET, Route: admin]
in SYSTEMPATH\Exceptions\FrameworkException.php on line 39.
 1 SYSTEMPATH\View\View.php(214): CodeIgniter\Exceptions\FrameworkException::forInvalidFile('admin/admin.php')
 2 SYSTEMPATH\Common.php(1167): CodeIgniter\View\View->render('admin/admin', [], true)
 3 APPPATH\Controllers\admin.php(9): view('admin/admin')
 4 SYSTEMPATH\CodeIgniter.php(933): App\Controllers\admin->index()
 5 SYSTEMPATH\CodeIgniter.php(507): CodeIgniter\CodeIgniter->runController(Object(App\Controllers\admin))
 6 SYSTEMPATH\CodeIgniter.php(354): CodeIgniter\CodeIgniter->handleRequest(null, Object(Config\Cache), false)
 7 SYSTEMPATH\Boot.php(363): CodeIgniter\CodeIgniter->run()
 8 SYSTEMPATH\Boot.php(68): CodeIgniter\Boot::runCodeIgniter(Object(CodeIgniter\CodeIgniter))
 9 FCPATH\index.php(59): CodeIgniter\Boot::bootWeb(Object(Config\Paths))
10 SYSTEMPATH\rewrite.php(44): require_once('C:\\laragon\\www\\PWEB2\\cip\\public\\index.php')
CRITICAL - 2025-11-13 04:52:00 --> CodeIgniter\View\Exceptions\ViewException: Invalid file: "admin/admin.php"
[Method: GET, Route: admin]
in SYSTEMPATH\Exceptions\FrameworkException.php on line 39.
 1 SYSTEMPATH\View\View.php(214): CodeIgniter\Exceptions\FrameworkException::forInvalidFile('admin/admin.php')
 2 SYSTEMPATH\Common.php(1167): CodeIgniter\View\View->render('admin/admin', [], true)
 3 APPPATH\Controllers\admin.php(9): view('admin/admin')
 4 SYSTEMPATH\CodeIgniter.php(933): App\Controllers\admin->index()
 5 SYSTEMPATH\CodeIgniter.php(507): CodeIgniter\CodeIgniter->runController(Object(App\Controllers\admin))
 6 SYSTEMPATH\CodeIgniter.php(354): CodeIgniter\CodeIgniter->handleRequest(null, Object(Config\Cache), false)
 7 SYSTEMPATH\Boot.php(363): CodeIgniter\CodeIgniter->run()
 8 SYSTEMPATH\Boot.php(68): CodeIgniter\Boot::runCodeIgniter(Object(CodeIgniter\CodeIgniter))
 9 FCPATH\index.php(59): CodeIgniter\Boot::bootWeb(Object(Config\Paths))
10 SYSTEMPATH\rewrite.php(44): require_once('C:\\laragon\\www\\PWEB2\\cip\\public\\index.php')
CRITICAL - 2025-11-13 12:36:01 --> ErrorException: Undefined variable $nama_penerima
[Method: GET, Route: admin]
in APPPATH\Views\admin\dashboard_admin.php on line 293.
 1 APPPATH\Views\admin\dashboard_admin.php(293): CodeIgniter\Debug\Exceptions->errorHandler(2, 'Undefined variable $nama_penerima', 'C:\\laragon\\www\\PWEB2\\cip\\app\\Views\\admin\\dashboard_admin.php', 293)
 2 SYSTEMPATH\View\View.php(226): include('C:\\laragon\\www\\PWEB2\\cip\\app\\Views\\admin\\dashboard_admin.php')
 3 SYSTEMPATH\View\View.php(229): CodeIgniter\View\View->CodeIgniter\View\{closure}()
 4 SYSTEMPATH\Common.php(1167): CodeIgniter\View\View->render('admin/dashboard_admin', [], true)
 5 APPPATH\Controllers\bansos.php(14): view('admin/dashboard_admin')
 6 SYSTEMPATH\CodeIgniter.php(933): App\Controllers\bansos->admin()
 7 SYSTEMPATH\CodeIgniter.php(507): CodeIgniter\CodeIgniter->runController(Object(App\Controllers\bansos))
 8 SYSTEMPATH\CodeIgniter.php(354): CodeIgniter\CodeIgniter->handleRequest(null, Object(Config\Cache), false)
 9 SYSTEMPATH\Boot.php(363): CodeIgniter\CodeIgniter->run()
10 SYSTEMPATH\Boot.php(68): CodeIgniter\Boot::runCodeIgniter(Object(CodeIgniter\CodeIgniter))
11 FCPATH\index.php(59): CodeIgniter\Boot::bootWeb(Object(Config\Paths))
12 SYSTEMPATH\rewrite.php(44): require_once('C:\\laragon\\www\\PWEB2\\cip\\public\\index.php')
CRITICAL - 2025-11-13 12:48:48 --> ErrorException: Undefined variable $id_user
[Method: GET, Route: admin]
in APPPATH\Views\admin\dashboard_admin.php on line 282.
 1 APPPATH\Views\admin\dashboard_admin.php(282): CodeIgniter\Debug\Exceptions->errorHandler(2, 'Undefined variable $id_user', 'C:\\laragon\\www\\PWEB2\\cip\\app\\Views\\admin\\dashboard_admin.php', 282)
 2 SYSTEMPATH\View\View.php(226): include('C:\\laragon\\www\\PWEB2\\cip\\app\\Views\\admin\\dashboard_admin.php')
 3 SYSTEMPATH\View\View.php(229): CodeIgniter\View\View->CodeIgniter\View\{closure}()
 4 SYSTEMPATH\Common.php(1167): CodeIgniter\View\View->render('admin/dashboard_admin', [], true)
 5 APPPATH\Controllers\bansos.php(16): view('admin/dashboard_admin')
 6 SYSTEMPATH\CodeIgniter.php(933): App\Controllers\bansos->admin()
 7 SYSTEMPATH\CodeIgniter.php(507): CodeIgniter\CodeIgniter->runController(Object(App\Controllers\bansos))
 8 SYSTEMPATH\CodeIgniter.php(354): CodeIgniter\CodeIgniter->handleRequest(null, Object(Config\Cache), false)
 9 SYSTEMPATH\Boot.php(363): CodeIgniter\CodeIgniter->run()
10 SYSTEMPATH\Boot.php(68): CodeIgniter\Boot::runCodeIgniter(Object(CodeIgniter\CodeIgniter))
11 FCPATH\index.php(59): CodeIgniter\Boot::bootWeb(Object(Config\Paths))
12 SYSTEMPATH\rewrite.php(44): require_once('C:\\laragon\\www\\PWEB2\\cip\\public\\index.php')
CRITICAL - 2025-11-13 15:13:21 --> Error: Class "App\Models\datauser" not found
[Method: GET, Route: admin]
in APPPATH\Controllers\bansos.php on line 21.
 1 SYSTEMPATH\CodeIgniter.php(933): App\Controllers\bansos->admin()
 2 SYSTEMPATH\CodeIgniter.php(507): CodeIgniter\CodeIgniter->runController(Object(App\Controllers\bansos))
 3 SYSTEMPATH\CodeIgniter.php(354): CodeIgniter\CodeIgniter->handleRequest(null, Object(Config\Cache), false)
 4 SYSTEMPATH\Boot.php(363): CodeIgniter\CodeIgniter->run()
 5 SYSTEMPATH\Boot.php(68): CodeIgniter\Boot::runCodeIgniter(Object(CodeIgniter\CodeIgniter))
 6 FCPATH\index.php(59): CodeIgniter\Boot::bootWeb(Object(Config\Paths))
 7 SYSTEMPATH\rewrite.php(44): require_once('C:\\laragon\\www\\PWEB2\\cip\\public\\index.php')
ERROR - 2025-11-13 15:16:59 --> Error connecting to the database: mysqli_sql_exception: Access denied for user ''@'localhost' (using password: NO) in C:\laragon\www\PWEB2\cip\system\Database\MySQLi\Connection.php:201
Stack trace:
#0 C:\laragon\www\PWEB2\cip\system\Database\MySQLi\Connection.php(201): mysqli->real_connect('localhost', '', Object(SensitiveParameterValue), '', 3306, '', 0)
#1 C:\laragon\www\PWEB2\cip\system\Database\BaseConnection.php(419): CodeIgniter\Database\MySQLi\Connection->connect(false)
#2 C:\laragon\www\PWEB2\cip\system\Database\BaseConnection.php(614): CodeIgniter\Database\BaseConnection->initialize()
#3 C:\laragon\www\PWEB2\cip\system\Database\BaseBuilder.php(1649): CodeIgniter\Database\BaseConnection->query('SELECT *\nFROM `...', Array, false)
#4 C:\laragon\www\PWEB2\cip\system\Model.php(286): CodeIgniter\Database\BaseBuilder->get()
#5 C:\laragon\www\PWEB2\cip\system\BaseModel.php(677): CodeIgniter\Model->doFindAll(0, 0)
#6 C:\laragon\www\PWEB2\cip\app\Controllers\bansos.php(22): CodeIgniter\BaseModel->findAll()
#7 C:\laragon\www\PWEB2\cip\system\CodeIgniter.php(933): App\Controllers\bansos->admin()
#8 C:\laragon\www\PWEB2\cip\system\CodeIgniter.php(507): CodeIgniter\CodeIgniter->runController(Object(App\Controllers\bansos))
#9 C:\laragon\www\PWEB2\cip\system\CodeIgniter.php(354): CodeIgniter\CodeIgniter->handleRequest(NULL, Object(Config\Cache), false)
#10 C:\laragon\www\PWEB2\cip\system\Boot.php(363): CodeIgniter\CodeIgniter->run()
#11 C:\laragon\www\PWEB2\cip\system\Boot.php(68): CodeIgniter\Boot::runCodeIgniter(Object(CodeIgniter\CodeIgniter))
#12 C:\laragon\www\PWEB2\cip\public\index.php(59): CodeIgniter\Boot::bootWeb(Object(Config\Paths))
#13 C:\laragon\www\PWEB2\cip\system\rewrite.php(44): require_once('C:\\laragon\\www\\...')
#14 {main}

Next CodeIgniter\Database\Exceptions\DatabaseException: Access denied for user ''@'localhost' (using password: NO) in C:\laragon\www\PWEB2\cip\system\Database\MySQLi\Connection.php:246
Stack trace:
#0 C:\laragon\www\PWEB2\cip\system\Database\BaseConnection.php(419): CodeIgniter\Database\MySQLi\Connection->connect(false)
#1 C:\laragon\www\PWEB2\cip\system\Database\BaseConnection.php(614): CodeIgniter\Database\BaseConnection->initialize()
#2 C:\laragon\www\PWEB2\cip\system\Database\BaseBuilder.php(1649): CodeIgniter\Database\BaseConnection->query('SELECT *\nFROM `...', Array, false)
#3 C:\laragon\www\PWEB2\cip\system\Model.php(286): CodeIgniter\Database\BaseBuilder->get()
#4 C:\laragon\www\PWEB2\cip\system\BaseModel.php(677): CodeIgniter\Model->doFindAll(0, 0)
#5 C:\laragon\www\PWEB2\cip\app\Controllers\bansos.php(22): CodeIgniter\BaseModel->findAll()
#6 C:\laragon\www\PWEB2\cip\system\CodeIgniter.php(933): App\Controllers\bansos->admin()
#7 C:\laragon\www\PWEB2\cip\system\CodeIgniter.php(507): CodeIgniter\CodeIgniter->runController(Object(App\Controllers\bansos))
#8 C:\laragon\www\PWEB2\cip\system\CodeIgniter.php(354): CodeIgniter\CodeIgniter->handleRequest(NULL, Object(Config\Cache), false)
#9 C:\laragon\www\PWEB2\cip\system\Boot.php(363): CodeIgniter\CodeIgniter->run()
#10 C:\laragon\www\PWEB2\cip\system\Boot.php(68): CodeIgniter\Boot::runCodeIgniter(Object(CodeIgniter\CodeIgniter))
#11 C:\laragon\www\PWEB2\cip\public\index.php(59): CodeIgniter\Boot::bootWeb(Object(Config\Paths))
#12 C:\laragon\www\PWEB2\cip\system\rewrite.php(44): require_once('C:\\laragon\\www\\...')
#13 {main}
CRITICAL - 2025-11-13 15:16:59 --> CodeIgniter\Database\Exceptions\DatabaseException: Unable to connect to the database.
Main connection [MySQLi]: Access denied for user ''@'localhost' (using password: NO)
[Method: GET, Route: admin]
in SYSTEMPATH\Database\BaseConnection.php on line 465.
 1 SYSTEMPATH\Database\BaseConnection.php(614): CodeIgniter\Database\BaseConnection->initialize()
 2 SYSTEMPATH\Database\BaseBuilder.php(1649): CodeIgniter\Database\BaseConnection->query('SELECT *
FROM `data_user`', [], false)
 3 SYSTEMPATH\Model.php(286): CodeIgniter\Database\BaseBuilder->get()
 4 SYSTEMPATH\BaseModel.php(677): CodeIgniter\Model->doFindAll(0, 0)
 5 APPPATH\Controllers\bansos.php(22): CodeIgniter\BaseModel->findAll()
 6 SYSTEMPATH\CodeIgniter.php(933): App\Controllers\bansos->admin()
 7 SYSTEMPATH\CodeIgniter.php(507): CodeIgniter\CodeIgniter->runController(Object(App\Controllers\bansos))
 8 SYSTEMPATH\CodeIgniter.php(354): CodeIgniter\CodeIgniter->handleRequest(null, Object(Config\Cache), false)
 9 SYSTEMPATH\Boot.php(363): CodeIgniter\CodeIgniter->run()
10 SYSTEMPATH\Boot.php(68): CodeIgniter\Boot::runCodeIgniter(Object(CodeIgniter\CodeIgniter))
11 FCPATH\index.php(59): CodeIgniter\Boot::bootWeb(Object(Config\Paths))
12 SYSTEMPATH\rewrite.php(44): require_once('C:\\laragon\\www\\PWEB2\\cip\\public\\index.php')
ERROR - 2025-11-13 15:16:59 --> Error connecting to the database: mysqli_sql_exception: Access denied for user ''@'localhost' (using password: NO) in C:\laragon\www\PWEB2\cip\system\Database\MySQLi\Connection.php:201
Stack trace:
#0 C:\laragon\www\PWEB2\cip\system\Database\MySQLi\Connection.php(201): mysqli->real_connect('localhost', '', Object(SensitiveParameterValue), '', 3306, '', 0)
#1 C:\laragon\www\PWEB2\cip\system\Database\BaseConnection.php(419): CodeIgniter\Database\MySQLi\Connection->connect(false)
#2 C:\laragon\www\PWEB2\cip\system\Database\BaseConnection.php(614): CodeIgniter\Database\BaseConnection->initialize()
#3 C:\laragon\www\PWEB2\cip\system\Database\BaseBuilder.php(1649): CodeIgniter\Database\BaseConnection->query('SELECT *\nFROM `...', Array, false)
#4 C:\laragon\www\PWEB2\cip\system\Model.php(286): CodeIgniter\Database\BaseBuilder->get()
#5 C:\laragon\www\PWEB2\cip\system\BaseModel.php(677): CodeIgniter\Model->doFindAll(0, 0)
#6 C:\laragon\www\PWEB2\cip\app\Controllers\bansos.php(22): CodeIgniter\BaseModel->findAll()
#7 C:\laragon\www\PWEB2\cip\system\CodeIgniter.php(933): App\Controllers\bansos->admin()
#8 C:\laragon\www\PWEB2\cip\system\CodeIgniter.php(507): CodeIgniter\CodeIgniter->runController(Object(App\Controllers\bansos))
#9 C:\laragon\www\PWEB2\cip\system\CodeIgniter.php(354): CodeIgniter\CodeIgniter->handleRequest(NULL, Object(Config\Cache), false)
#10 C:\laragon\www\PWEB2\cip\system\Boot.php(363): CodeIgniter\CodeIgniter->run()
#11 C:\laragon\www\PWEB2\cip\system\Boot.php(68): CodeIgniter\Boot::runCodeIgniter(Object(CodeIgniter\CodeIgniter))
#12 C:\laragon\www\PWEB2\cip\public\index.php(59): CodeIgniter\Boot::bootWeb(Object(Config\Paths))
#13 C:\laragon\www\PWEB2\cip\system\rewrite.php(44): require_once('C:\\laragon\\www\\...')
#14 {main}

Next CodeIgniter\Database\Exceptions\DatabaseException: Access denied for user ''@'localhost' (using password: NO) in C:\laragon\www\PWEB2\cip\system\Database\MySQLi\Connection.php:246
Stack trace:
#0 C:\laragon\www\PWEB2\cip\system\Database\BaseConnection.php(419): CodeIgniter\Database\MySQLi\Connection->connect(false)
#1 C:\laragon\www\PWEB2\cip\system\Database\BaseConnection.php(614): CodeIgniter\Database\BaseConnection->initialize()
#2 C:\laragon\www\PWEB2\cip\system\Database\BaseBuilder.php(1649): CodeIgniter\Database\BaseConnection->query('SELECT *\nFROM `...', Array, false)
#3 C:\laragon\www\PWEB2\cip\system\Model.php(286): CodeIgniter\Database\BaseBuilder->get()
#4 C:\laragon\www\PWEB2\cip\system\BaseModel.php(677): CodeIgniter\Model->doFindAll(0, 0)
#5 C:\laragon\www\PWEB2\cip\app\Controllers\bansos.php(22): CodeIgniter\BaseModel->findAll()
#6 C:\laragon\www\PWEB2\cip\system\CodeIgniter.php(933): App\Controllers\bansos->admin()
#7 C:\laragon\www\PWEB2\cip\system\CodeIgniter.php(507): CodeIgniter\CodeIgniter->runController(Object(App\Controllers\bansos))
#8 C:\laragon\www\PWEB2\cip\system\CodeIgniter.php(354): CodeIgniter\CodeIgniter->handleRequest(NULL, Object(Config\Cache), false)
#9 C:\laragon\www\PWEB2\cip\system\Boot.php(363): CodeIgniter\CodeIgniter->run()
#10 C:\laragon\www\PWEB2\cip\system\Boot.php(68): CodeIgniter\Boot::runCodeIgniter(Object(CodeIgniter\CodeIgniter))
#11 C:\laragon\www\PWEB2\cip\public\index.php(59): CodeIgniter\Boot::bootWeb(Object(Config\Paths))
#12 C:\laragon\www\PWEB2\cip\system\rewrite.php(44): require_once('C:\\laragon\\www\\...')
#13 {main}
CRITICAL - 2025-11-13 15:16:59 --> CodeIgniter\Database\Exceptions\DatabaseException: Unable to connect to the database.
Main connection [MySQLi]: Access denied for user ''@'localhost' (using password: NO)
[Method: GET, Route: admin]
in SYSTEMPATH\Database\BaseConnection.php on line 465.
 1 SYSTEMPATH\Database\BaseConnection.php(614): CodeIgniter\Database\BaseConnection->initialize()
 2 SYSTEMPATH\Database\BaseBuilder.php(1649): CodeIgniter\Database\BaseConnection->query('SELECT *
FROM `data_user`', [], false)
 3 SYSTEMPATH\Model.php(286): CodeIgniter\Database\BaseBuilder->get()
 4 SYSTEMPATH\BaseModel.php(677): CodeIgniter\Model->doFindAll(0, 0)
 5 APPPATH\Controllers\bansos.php(22): CodeIgniter\BaseModel->findAll()
 6 SYSTEMPATH\CodeIgniter.php(933): App\Controllers\bansos->admin()
 7 SYSTEMPATH\CodeIgniter.php(507): CodeIgniter\CodeIgniter->runController(Object(App\Controllers\bansos))
 8 SYSTEMPATH\CodeIgniter.php(354): CodeIgniter\CodeIgniter->handleRequest(null, Object(Config\Cache), false)
 9 SYSTEMPATH\Boot.php(363): CodeIgniter\CodeIgniter->run()
10 SYSTEMPATH\Boot.php(68): CodeIgniter\Boot::runCodeIgniter(Object(CodeIgniter\CodeIgniter))
11 FCPATH\index.php(59): CodeIgniter\Boot::bootWeb(Object(Config\Paths))
12 SYSTEMPATH\rewrite.php(44): require_once('C:\\laragon\\www\\PWEB2\\cip\\public\\index.php')
CRITICAL - 2025-11-13 15:18:33 --> CodeIgniter\View\Exceptions\ViewException: Invalid file: "dashboard_admin.php"
[Method: GET, Route: admin]
in SYSTEMPATH\Exceptions\FrameworkException.php on line 39.
 1 SYSTEMPATH\View\View.php(214): CodeIgniter\Exceptions\FrameworkException::forInvalidFile('dashboard_admin.php')
 2 SYSTEMPATH\Common.php(1167): CodeIgniter\View\View->render('dashboard_admin', [], true)
 3 APPPATH\Controllers\bansos.php(24): view('dashboard_admin', [...])
 4 SYSTEMPATH\CodeIgniter.php(933): App\Controllers\bansos->admin()
 5 SYSTEMPATH\CodeIgniter.php(507): CodeIgniter\CodeIgniter->runController(Object(App\Controllers\bansos))
 6 SYSTEMPATH\CodeIgniter.php(354): CodeIgniter\CodeIgniter->handleRequest(null, Object(Config\Cache), false)
 7 SYSTEMPATH\Boot.php(363): CodeIgniter\CodeIgniter->run()
 8 SYSTEMPATH\Boot.php(68): CodeIgniter\Boot::runCodeIgniter(Object(CodeIgniter\CodeIgniter))
 9 FCPATH\index.php(59): CodeIgniter\Boot::bootWeb(Object(Config\Paths))
10 SYSTEMPATH\rewrite.php(44): require_once('C:\\laragon\\www\\PWEB2\\cip\\public\\index.php')
CRITICAL - 2025-11-13 15:18:33 --> CodeIgniter\View\Exceptions\ViewException: Invalid file: "dashboard_admin.php"
[Method: GET, Route: admin]
in SYSTEMPATH\Exceptions\FrameworkException.php on line 39.
 1 SYSTEMPATH\View\View.php(214): CodeIgniter\Exceptions\FrameworkException::forInvalidFile('dashboard_admin.php')
 2 SYSTEMPATH\Common.php(1167): CodeIgniter\View\View->render('dashboard_admin', [], true)
 3 APPPATH\Controllers\bansos.php(24): view('dashboard_admin', [...])
 4 SYSTEMPATH\CodeIgniter.php(933): App\Controllers\bansos->admin()
 5 SYSTEMPATH\CodeIgniter.php(507): CodeIgniter\CodeIgniter->runController(Object(App\Controllers\bansos))
 6 SYSTEMPATH\CodeIgniter.php(354): CodeIgniter\CodeIgniter->handleRequest(null, Object(Config\Cache), false)
 7 SYSTEMPATH\Boot.php(363): CodeIgniter\CodeIgniter->run()
 8 SYSTEMPATH\Boot.php(68): CodeIgniter\Boot::runCodeIgniter(Object(CodeIgniter\CodeIgniter))
 9 FCPATH\index.php(59): CodeIgniter\Boot::bootWeb(Object(Config\Paths))
10 SYSTEMPATH\rewrite.php(44): require_once('C:\\laragon\\www\\PWEB2\\cip\\public\\index.php')
CRITICAL - 2025-11-13 15:19:27 --> CodeIgniter\View\Exceptions\ViewException: Invalid file: "dashboard_admin.php"
[Method: GET, Route: admin]
in SYSTEMPATH\Exceptions\FrameworkException.php on line 39.
 1 SYSTEMPATH\View\View.php(214): CodeIgniter\Exceptions\FrameworkException::forInvalidFile('dashboard_admin.php')
 2 SYSTEMPATH\Common.php(1167): CodeIgniter\View\View->render('dashboard_admin', [], true)
 3 APPPATH\Controllers\bansos.php(24): view('dashboard_admin', [...])
 4 SYSTEMPATH\CodeIgniter.php(933): App\Controllers\bansos->admin()
 5 SYSTEMPATH\CodeIgniter.php(507): CodeIgniter\CodeIgniter->runController(Object(App\Controllers\bansos))
 6 SYSTEMPATH\CodeIgniter.php(354): CodeIgniter\CodeIgniter->handleRequest(null, Object(Config\Cache), false)
 7 SYSTEMPATH\Boot.php(363): CodeIgniter\CodeIgniter->run()
 8 SYSTEMPATH\Boot.php(68): CodeIgniter\Boot::runCodeIgniter(Object(CodeIgniter\CodeIgniter))
 9 FCPATH\index.php(59): CodeIgniter\Boot::bootWeb(Object(Config\Paths))
10 SYSTEMPATH\rewrite.php(44): require_once('C:\\laragon\\www\\PWEB2\\cip\\public\\index.php')
CRITICAL - 2025-11-13 15:19:27 --> CodeIgniter\View\Exceptions\ViewException: Invalid file: "dashboard_admin.php"
[Method: GET, Route: admin]
in SYSTEMPATH\Exceptions\FrameworkException.php on line 39.
 1 SYSTEMPATH\View\View.php(214): CodeIgniter\Exceptions\FrameworkException::forInvalidFile('dashboard_admin.php')
 2 SYSTEMPATH\Common.php(1167): CodeIgniter\View\View->render('dashboard_admin', [], true)
 3 APPPATH\Controllers\bansos.php(24): view('dashboard_admin', [...])
 4 SYSTEMPATH\CodeIgniter.php(933): App\Controllers\bansos->admin()
 5 SYSTEMPATH\CodeIgniter.php(507): CodeIgniter\CodeIgniter->runController(Object(App\Controllers\bansos))
 6 SYSTEMPATH\CodeIgniter.php(354): CodeIgniter\CodeIgniter->handleRequest(null, Object(Config\Cache), false)
 7 SYSTEMPATH\Boot.php(363): CodeIgniter\CodeIgniter->run()
 8 SYSTEMPATH\Boot.php(68): CodeIgniter\Boot::runCodeIgniter(Object(CodeIgniter\CodeIgniter))
 9 FCPATH\index.php(59): CodeIgniter\Boot::bootWeb(Object(Config\Paths))
10 SYSTEMPATH\rewrite.php(44): require_once('C:\\laragon\\www\\PWEB2\\cip\\public\\index.php')
CRITICAL - 2025-11-13 15:20:27 --> ErrorException: Undefined variable $u
[Method: GET, Route: admin]
in APPPATH\Views\admin\dashboard_admin.php on line 293.
 1 APPPATH\Views\admin\dashboard_admin.php(293): CodeIgniter\Debug\Exceptions->errorHandler(2, 'Undefined variable $u', 'C:\\laragon\\www\\PWEB2\\cip\\app\\Views\\admin\\dashboard_admin.php', 293)
 2 SYSTEMPATH\View\View.php(226): include('C:\\laragon\\www\\PWEB2\\cip\\app\\Views\\admin\\dashboard_admin.php')
 3 SYSTEMPATH\View\View.php(229): CodeIgniter\View\View->CodeIgniter\View\{closure}()
 4 SYSTEMPATH\Common.php(1167): CodeIgniter\View\View->render('admin/dashboard_admin', [], true)
 5 APPPATH\Controllers\bansos.php(24): view('admin/dashboard_admin', [...])
 6 SYSTEMPATH\CodeIgniter.php(933): App\Controllers\bansos->admin()
 7 SYSTEMPATH\CodeIgniter.php(507): CodeIgniter\CodeIgniter->runController(Object(App\Controllers\bansos))
 8 SYSTEMPATH\CodeIgniter.php(354): CodeIgniter\CodeIgniter->handleRequest(null, Object(Config\Cache), false)
 9 SYSTEMPATH\Boot.php(363): CodeIgniter\CodeIgniter->run()
10 SYSTEMPATH\Boot.php(68): CodeIgniter\Boot::runCodeIgniter(Object(CodeIgniter\CodeIgniter))
11 FCPATH\index.php(59): CodeIgniter\Boot::bootWeb(Object(Config\Paths))
12 SYSTEMPATH\rewrite.php(44): require_once('C:\\laragon\\www\\PWEB2\\cip\\public\\index.php')
CRITICAL - 2025-11-13 15:20:27 --> ErrorException: Undefined variable $u
[Method: GET, Route: admin]
in APPPATH\Views\admin\dashboard_admin.php on line 293.
 1 APPPATH\Views\admin\dashboard_admin.php(293): CodeIgniter\Debug\Exceptions->errorHandler(2, 'Undefined variable $u', 'C:\\laragon\\www\\PWEB2\\cip\\app\\Views\\admin\\dashboard_admin.php', 293)
 2 SYSTEMPATH\View\View.php(226): include('C:\\laragon\\www\\PWEB2\\cip\\app\\Views\\admin\\dashboard_admin.php')
 3 SYSTEMPATH\View\View.php(229): CodeIgniter\View\View->CodeIgniter\View\{closure}()
 4 SYSTEMPATH\Common.php(1167): CodeIgniter\View\View->render('admin/dashboard_admin', [], true)
 5 APPPATH\Controllers\bansos.php(24): view('admin/dashboard_admin', [...])
 6 SYSTEMPATH\CodeIgniter.php(933): App\Controllers\bansos->admin()
 7 SYSTEMPATH\CodeIgniter.php(507): CodeIgniter\CodeIgniter->runController(Object(App\Controllers\bansos))
 8 SYSTEMPATH\CodeIgniter.php(354): CodeIgniter\CodeIgniter->handleRequest(null, Object(Config\Cache), false)
 9 SYSTEMPATH\Boot.php(363): CodeIgniter\CodeIgniter->run()
10 SYSTEMPATH\Boot.php(68): CodeIgniter\Boot::runCodeIgniter(Object(CodeIgniter\CodeIgniter))
11 FCPATH\index.php(59): CodeIgniter\Boot::bootWeb(Object(Config\Paths))
12 SYSTEMPATH\rewrite.php(44): require_once('C:\\laragon\\www\\PWEB2\\cip\\public\\index.php')
CRITICAL - 2025-11-13 15:21:48 --> ErrorException: Undefined variable $u
[Method: GET, Route: admin]
in APPPATH\Views\admin\dashboard_admin.php on line 293.
 1 APPPATH\Views\admin\dashboard_admin.php(293): CodeIgniter\Debug\Exceptions->errorHandler(2, 'Undefined variable $u', 'C:\\laragon\\www\\PWEB2\\cip\\app\\Views\\admin\\dashboard_admin.php', 293)
 2 SYSTEMPATH\View\View.php(226): include('C:\\laragon\\www\\PWEB2\\cip\\app\\Views\\admin\\dashboard_admin.php')
 3 SYSTEMPATH\View\View.php(229): CodeIgniter\View\View->CodeIgniter\View\{closure}()
 4 SYSTEMPATH\Common.php(1167): CodeIgniter\View\View->render('admin/dashboard_admin', [], true)
 5 APPPATH\Controllers\bansos.php(24): view('admin/dashboard_admin', [...])
 6 SYSTEMPATH\CodeIgniter.php(933): App\Controllers\bansos->admin()
 7 SYSTEMPATH\CodeIgniter.php(507): CodeIgniter\CodeIgniter->runController(Object(App\Controllers\bansos))
 8 SYSTEMPATH\CodeIgniter.php(354): CodeIgniter\CodeIgniter->handleRequest(null, Object(Config\Cache), false)
 9 SYSTEMPATH\Boot.php(363): CodeIgniter\CodeIgniter->run()
10 SYSTEMPATH\Boot.php(68): CodeIgniter\Boot::runCodeIgniter(Object(CodeIgniter\CodeIgniter))
11 FCPATH\index.php(59): CodeIgniter\Boot::bootWeb(Object(Config\Paths))
12 SYSTEMPATH\rewrite.php(44): require_once('C:\\laragon\\www\\PWEB2\\cip\\public\\index.php')
CRITICAL - 2025-11-13 15:21:48 --> ErrorException: Undefined variable $u
[Method: GET, Route: admin]
in APPPATH\Views\admin\dashboard_admin.php on line 293.
 1 APPPATH\Views\admin\dashboard_admin.php(293): CodeIgniter\Debug\Exceptions->errorHandler(2, 'Undefined variable $u', 'C:\\laragon\\www\\PWEB2\\cip\\app\\Views\\admin\\dashboard_admin.php', 293)
 2 SYSTEMPATH\View\View.php(226): include('C:\\laragon\\www\\PWEB2\\cip\\app\\Views\\admin\\dashboard_admin.php')
 3 SYSTEMPATH\View\View.php(229): CodeIgniter\View\View->CodeIgniter\View\{closure}()
 4 SYSTEMPATH\Common.php(1167): CodeIgniter\View\View->render('admin/dashboard_admin', [], true)
 5 APPPATH\Controllers\bansos.php(24): view('admin/dashboard_admin', [...])
 6 SYSTEMPATH\CodeIgniter.php(933): App\Controllers\bansos->admin()
 7 SYSTEMPATH\CodeIgniter.php(507): CodeIgniter\CodeIgniter->runController(Object(App\Controllers\bansos))
 8 SYSTEMPATH\CodeIgniter.php(354): CodeIgniter\CodeIgniter->handleRequest(null, Object(Config\Cache), false)
 9 SYSTEMPATH\Boot.php(363): CodeIgniter\CodeIgniter->run()
10 SYSTEMPATH\Boot.php(68): CodeIgniter\Boot::runCodeIgniter(Object(CodeIgniter\CodeIgniter))
11 FCPATH\index.php(59): CodeIgniter\Boot::bootWeb(Object(Config\Paths))
12 SYSTEMPATH\rewrite.php(44): require_once('C:\\laragon\\www\\PWEB2\\cip\\public\\index.php')
DEBUG - 2025-11-13 16:46:37 --> Session: Class initialized using 'CodeIgniter\Session\Handlers\FileHandler' driver.
CRITICAL - 2025-11-13 16:46:37 --> ErrorException: Undefined variable $user
[Method: GET, Route: adm]
in APPPATH\Views\admin\adm.php on line 274.
 1 APPPATH\Views\admin\adm.php(274): CodeIgniter\Debug\Exceptions->errorHandler(2, 'Undefined variable $user', 'C:\\laragon\\www\\PWEB2\\cip\\app\\Views\\admin\\adm.php', 274)
 2 SYSTEMPATH\View\View.php(226): include('C:\\laragon\\www\\PWEB2\\cip\\app\\Views\\admin\\adm.php')
 3 SYSTEMPATH\View\View.php(229): CodeIgniter\View\View->CodeIgniter\View\{closure}()
 4 SYSTEMPATH\Common.php(1167): CodeIgniter\View\View->render('admin/adm.php', [], true)
 5 APPPATH\Controllers\bansos.php(26): view('admin/adm.php')
 6 SYSTEMPATH\CodeIgniter.php(933): App\Controllers\bansos->adm()
 7 SYSTEMPATH\CodeIgniter.php(507): CodeIgniter\CodeIgniter->runController(Object(App\Controllers\bansos))
 8 SYSTEMPATH\CodeIgniter.php(354): CodeIgniter\CodeIgniter->handleRequest(null, Object(Config\Cache), false)
 9 SYSTEMPATH\Boot.php(363): CodeIgniter\CodeIgniter->run()
10 SYSTEMPATH\Boot.php(68): CodeIgniter\Boot::runCodeIgniter(Object(CodeIgniter\CodeIgniter))
11 FCPATH\index.php(59): CodeIgniter\Boot::bootWeb(Object(Config\Paths))
12 SYSTEMPATH\rewrite.php(44): require_once('C:\\laragon\\www\\PWEB2\\cip\\public\\index.php')
DEBUG - 2025-11-13 16:46:38 --> Session: Class initialized using 'CodeIgniter\Session\Handlers\FileHandler' driver.
CRITICAL - 2025-11-13 16:46:38 --> ErrorException: Undefined variable $user
[Method: GET, Route: adm]
in APPPATH\Views\admin\adm.php on line 274.
 1 APPPATH\Views\admin\adm.php(274): CodeIgniter\Debug\Exceptions->errorHandler(2, 'Undefined variable $user', 'C:\\laragon\\www\\PWEB2\\cip\\app\\Views\\admin\\adm.php', 274)
 2 SYSTEMPATH\View\View.php(226): include('C:\\laragon\\www\\PWEB2\\cip\\app\\Views\\admin\\adm.php')
 3 SYSTEMPATH\View\View.php(229): CodeIgniter\View\View->CodeIgniter\View\{closure}()
 4 SYSTEMPATH\Common.php(1167): CodeIgniter\View\View->render('admin/adm.php', [], true)
 5 APPPATH\Controllers\bansos.php(26): view('admin/adm.php')
 6 SYSTEMPATH\CodeIgniter.php(933): App\Controllers\bansos->adm()
 7 SYSTEMPATH\CodeIgniter.php(507): CodeIgniter\CodeIgniter->runController(Object(App\Controllers\bansos))
 8 SYSTEMPATH\CodeIgniter.php(354): CodeIgniter\CodeIgniter->handleRequest(null, Object(Config\Cache), false)
 9 SYSTEMPATH\Boot.php(363): CodeIgniter\CodeIgniter->run()
10 SYSTEMPATH\Boot.php(68): CodeIgniter\Boot::runCodeIgniter(Object(CodeIgniter\CodeIgniter))
11 FCPATH\index.php(59): CodeIgniter\Boot::bootWeb(Object(Config\Paths))
12 SYSTEMPATH\rewrite.php(44): require_once('C:\\laragon\\www\\PWEB2\\cip\\public\\index.php')
CRITICAL - 2025-11-13 16:56:51 --> CodeIgniter\Exceptions\BadMethodCallException: Call to undefined method App\Models\data::getuser
[Method: GET, Route: adm]
in SYSTEMPATH\Model.php on line 927.
 1 APPPATH\Controllers\bansos.php(43): CodeIgniter\Model->__call('getuser', [])
 2 SYSTEMPATH\CodeIgniter.php(933): App\Controllers\bansos->adm()
 3 SYSTEMPATH\CodeIgniter.php(507): CodeIgniter\CodeIgniter->runController(Object(App\Controllers\bansos))
 4 SYSTEMPATH\CodeIgniter.php(354): CodeIgniter\CodeIgniter->handleRequest(null, Object(Config\Cache), false)
 5 SYSTEMPATH\Boot.php(363): CodeIgniter\CodeIgniter->run()
 6 SYSTEMPATH\Boot.php(68): CodeIgniter\Boot::runCodeIgniter(Object(CodeIgniter\CodeIgniter))
 7 FCPATH\index.php(59): CodeIgniter\Boot::bootWeb(Object(Config\Paths))
 8 SYSTEMPATH\rewrite.php(44): require_once('C:\\laragon\\www\\PWEB2\\cip\\public\\index.php')
CRITICAL - 2025-11-13 16:56:52 --> CodeIgniter\Exceptions\BadMethodCallException: Call to undefined method App\Models\data::getuser
[Method: GET, Route: adm]
in SYSTEMPATH\Model.php on line 927.
 1 APPPATH\Controllers\bansos.php(43): CodeIgniter\Model->__call('getuser', [])
 2 SYSTEMPATH\CodeIgniter.php(933): App\Controllers\bansos->adm()
 3 SYSTEMPATH\CodeIgniter.php(507): CodeIgniter\CodeIgniter->runController(Object(App\Controllers\bansos))
 4 SYSTEMPATH\CodeIgniter.php(354): CodeIgniter\CodeIgniter->handleRequest(null, Object(Config\Cache), false)
 5 SYSTEMPATH\Boot.php(363): CodeIgniter\CodeIgniter->run()
 6 SYSTEMPATH\Boot.php(68): CodeIgniter\Boot::runCodeIgniter(Object(CodeIgniter\CodeIgniter))
 7 FCPATH\index.php(59): CodeIgniter\Boot::bootWeb(Object(Config\Paths))
 8 SYSTEMPATH\rewrite.php(44): require_once('C:\\laragon\\www\\PWEB2\\cip\\public\\index.php')
CRITICAL - 2025-11-13 16:57:23 --> CodeIgniter\Exceptions\BadMethodCallException: Call to undefined method App\Models\data::getuser
[Method: GET, Route: adm]
in SYSTEMPATH\Model.php on line 927.
 1 APPPATH\Controllers\bansos.php(43): CodeIgniter\Model->__call('getuser', [])
 2 SYSTEMPATH\CodeIgniter.php(933): App\Controllers\bansos->adm()
 3 SYSTEMPATH\CodeIgniter.php(507): CodeIgniter\CodeIgniter->runController(Object(App\Controllers\bansos))
 4 SYSTEMPATH\CodeIgniter.php(354): CodeIgniter\CodeIgniter->handleRequest(null, Object(Config\Cache), false)
 5 SYSTEMPATH\Boot.php(363): CodeIgniter\CodeIgniter->run()
 6 SYSTEMPATH\Boot.php(68): CodeIgniter\Boot::runCodeIgniter(Object(CodeIgniter\CodeIgniter))
 7 FCPATH\index.php(59): CodeIgniter\Boot::bootWeb(Object(Config\Paths))
 8 SYSTEMPATH\rewrite.php(44): require_once('C:\\laragon\\www\\PWEB2\\cip\\public\\index.php')
CRITICAL - 2025-11-13 16:57:24 --> CodeIgniter\Exceptions\BadMethodCallException: Call to undefined method App\Models\data::getuser
[Method: GET, Route: adm]
in SYSTEMPATH\Model.php on line 927.
 1 APPPATH\Controllers\bansos.php(43): CodeIgniter\Model->__call('getuser', [])
 2 SYSTEMPATH\CodeIgniter.php(933): App\Controllers\bansos->adm()
 3 SYSTEMPATH\CodeIgniter.php(507): CodeIgniter\CodeIgniter->runController(Object(App\Controllers\bansos))
 4 SYSTEMPATH\CodeIgniter.php(354): CodeIgniter\CodeIgniter->handleRequest(null, Object(Config\Cache), false)
 5 SYSTEMPATH\Boot.php(363): CodeIgniter\CodeIgniter->run()
 6 SYSTEMPATH\Boot.php(68): CodeIgniter\Boot::runCodeIgniter(Object(CodeIgniter\CodeIgniter))
 7 FCPATH\index.php(59): CodeIgniter\Boot::bootWeb(Object(Config\Paths))
 8 SYSTEMPATH\rewrite.php(44): require_once('C:\\laragon\\www\\PWEB2\\cip\\public\\index.php')
CRITICAL - 2025-11-13 17:03:50 --> CodeIgniter\Exceptions\BadMethodCallException: Call to undefined method App\Models\data::getuser
[Method: GET, Route: adm]
in SYSTEMPATH\Model.php on line 927.
 1 APPPATH\Controllers\bansos.php(43): CodeIgniter\Model->__call('getuser', [])
 2 SYSTEMPATH\CodeIgniter.php(933): App\Controllers\bansos->adm()
 3 SYSTEMPATH\CodeIgniter.php(507): CodeIgniter\CodeIgniter->runController(Object(App\Controllers\bansos))
 4 SYSTEMPATH\CodeIgniter.php(354): CodeIgniter\CodeIgniter->handleRequest(null, Object(Config\Cache), false)
 5 SYSTEMPATH\Boot.php(363): CodeIgniter\CodeIgniter->run()
 6 SYSTEMPATH\Boot.php(68): CodeIgniter\Boot::runCodeIgniter(Object(CodeIgniter\CodeIgniter))
 7 FCPATH\index.php(59): CodeIgniter\Boot::bootWeb(Object(Config\Paths))
 8 SYSTEMPATH\rewrite.php(44): require_once('C:\\laragon\\www\\PWEB2\\cip\\public\\index.php')
CRITICAL - 2025-11-13 17:04:38 --> CodeIgniter\Exceptions\BadMethodCallException: Call to undefined method App\Models\data::getuser
[Method: GET, Route: adm]
in SYSTEMPATH\Model.php on line 927.
 1 APPPATH\Controllers\bansos.php(43): CodeIgniter\Model->__call('getuser', [])
 2 SYSTEMPATH\CodeIgniter.php(933): App\Controllers\bansos->adm()
 3 SYSTEMPATH\CodeIgniter.php(507): CodeIgniter\CodeIgniter->runController(Object(App\Controllers\bansos))
 4 SYSTEMPATH\CodeIgniter.php(354): CodeIgniter\CodeIgniter->handleRequest(null, Object(Config\Cache), false)
 5 SYSTEMPATH\Boot.php(363): CodeIgniter\CodeIgniter->run()
 6 SYSTEMPATH\Boot.php(68): CodeIgniter\Boot::runCodeIgniter(Object(CodeIgniter\CodeIgniter))
 7 FCPATH\index.php(59): CodeIgniter\Boot::bootWeb(Object(Config\Paths))
 8 SYSTEMPATH\rewrite.php(44): require_once('C:\\laragon\\www\\PWEB2\\cip\\public\\index.php')
CRITICAL - 2025-11-13 17:04:39 --> CodeIgniter\Exceptions\BadMethodCallException: Call to undefined method App\Models\data::getuser
[Method: GET, Route: adm]
in SYSTEMPATH\Model.php on line 927.
 1 APPPATH\Controllers\bansos.php(43): CodeIgniter\Model->__call('getuser', [])
 2 SYSTEMPATH\CodeIgniter.php(933): App\Controllers\bansos->adm()
 3 SYSTEMPATH\CodeIgniter.php(507): CodeIgniter\CodeIgniter->runController(Object(App\Controllers\bansos))
 4 SYSTEMPATH\CodeIgniter.php(354): CodeIgniter\CodeIgniter->handleRequest(null, Object(Config\Cache), false)
 5 SYSTEMPATH\Boot.php(363): CodeIgniter\CodeIgniter->run()
 6 SYSTEMPATH\Boot.php(68): CodeIgniter\Boot::runCodeIgniter(Object(CodeIgniter\CodeIgniter))
 7 FCPATH\index.php(59): CodeIgniter\Boot::bootWeb(Object(Config\Paths))
 8 SYSTEMPATH\rewrite.php(44): require_once('C:\\laragon\\www\\PWEB2\\cip\\public\\index.php')
CRITICAL - 2025-11-13 17:10:01 --> CodeIgniter\View\Exceptions\ViewException: Invalid file: "user/adm.php"
[Method: GET, Route: adm]
in SYSTEMPATH\Exceptions\FrameworkException.php on line 39.
 1 SYSTEMPATH\View\View.php(214): CodeIgniter\Exceptions\FrameworkException::forInvalidFile('user/adm.php')
 2 SYSTEMPATH\Common.php(1167): CodeIgniter\View\View->render('user/adm', [], true)
 3 APPPATH\Controllers\bansos.php(43): view('user/adm', [...])
 4 SYSTEMPATH\CodeIgniter.php(933): App\Controllers\Bansos->adm()
 5 SYSTEMPATH\CodeIgniter.php(507): CodeIgniter\CodeIgniter->runController(Object(App\Controllers\Bansos))
 6 SYSTEMPATH\CodeIgniter.php(354): CodeIgniter\CodeIgniter->handleRequest(null, Object(Config\Cache), false)
 7 SYSTEMPATH\Boot.php(363): CodeIgniter\CodeIgniter->run()
 8 SYSTEMPATH\Boot.php(68): CodeIgniter\Boot::runCodeIgniter(Object(CodeIgniter\CodeIgniter))
 9 FCPATH\index.php(59): CodeIgniter\Boot::bootWeb(Object(Config\Paths))
10 SYSTEMPATH\rewrite.php(44): require_once('C:\\laragon\\www\\PWEB2\\cip\\public\\index.php')
CRITICAL - 2025-11-13 17:10:01 --> CodeIgniter\View\Exceptions\ViewException: Invalid file: "user/adm.php"
[Method: GET, Route: adm]
in SYSTEMPATH\Exceptions\FrameworkException.php on line 39.
 1 SYSTEMPATH\View\View.php(214): CodeIgniter\Exceptions\FrameworkException::forInvalidFile('user/adm.php')
 2 SYSTEMPATH\Common.php(1167): CodeIgniter\View\View->render('user/adm', [], true)
 3 APPPATH\Controllers\bansos.php(43): view('user/adm', [...])
 4 SYSTEMPATH\CodeIgniter.php(933): App\Controllers\Bansos->adm()
 5 SYSTEMPATH\CodeIgniter.php(507): CodeIgniter\CodeIgniter->runController(Object(App\Controllers\Bansos))
 6 SYSTEMPATH\CodeIgniter.php(354): CodeIgniter\CodeIgniter->handleRequest(null, Object(Config\Cache), false)
 7 SYSTEMPATH\Boot.php(363): CodeIgniter\CodeIgniter->run()
 8 SYSTEMPATH\Boot.php(68): CodeIgniter\Boot::runCodeIgniter(Object(CodeIgniter\CodeIgniter))
 9 FCPATH\index.php(59): CodeIgniter\Boot::bootWeb(Object(Config\Paths))
10 SYSTEMPATH\rewrite.php(44): require_once('C:\\laragon\\www\\PWEB2\\cip\\public\\index.php')
DEBUG - 2025-11-13 17:11:12 --> Session: Class initialized using 'CodeIgniter\Session\Handlers\FileHandler' driver.
DEBUG - 2025-11-13 17:11:13 --> Session: Class initialized using 'CodeIgniter\Session\Handlers\FileHandler' driver.
DEBUG - 2025-11-13 17:12:33 --> Session: Class initialized using 'CodeIgniter\Session\Handlers\FileHandler' driver.
DEBUG - 2025-11-13 17:13:18 --> Session: Class initialized using 'CodeIgniter\Session\Handlers\FileHandler' driver.
DEBUG - 2025-11-13 17:20:45 --> Session: Class initialized using 'CodeIgniter\Session\Handlers\FileHandler' driver.
DEBUG - 2025-11-13 17:21:37 --> Session: Class initialized using 'CodeIgniter\Session\Handlers\FileHandler' driver.
CRITICAL - 2025-11-13 17:21:37 --> CodeIgniter\Exceptions\RuntimeException: View themes, no current section.
[Method: GET, Route: adm]
in SYSTEMPATH\View\View.php on line 430.
 1 APPPATH\Views\admin\adm.php(299): CodeIgniter\View\View->endSection()
 2 SYSTEMPATH\View\View.php(226): include('C:\\laragon\\www\\PWEB2\\cip\\app\\Views\\admin\\adm.php')
 3 SYSTEMPATH\View\View.php(229): CodeIgniter\View\View->CodeIgniter\View\{closure}()
 4 SYSTEMPATH\Common.php(1167): CodeIgniter\View\View->render('admin/adm', [], true)
 5 APPPATH\Controllers\bansos.php(43): view('admin/adm', [...])
 6 SYSTEMPATH\CodeIgniter.php(933): App\Controllers\bansos->adm()
 7 SYSTEMPATH\CodeIgniter.php(507): CodeIgniter\CodeIgniter->runController(Object(App\Controllers\bansos))
 8 SYSTEMPATH\CodeIgniter.php(354): CodeIgniter\CodeIgniter->handleRequest(null, Object(Config\Cache), false)
 9 SYSTEMPATH\Boot.php(363): CodeIgniter\CodeIgniter->run()
10 SYSTEMPATH\Boot.php(68): CodeIgniter\Boot::runCodeIgniter(Object(CodeIgniter\CodeIgniter))
11 FCPATH\index.php(59): CodeIgniter\Boot::bootWeb(Object(Config\Paths))
12 SYSTEMPATH\rewrite.php(44): require_once('C:\\laragon\\www\\PWEB2\\cip\\public\\index.php')
DEBUG - 2025-11-13 17:22:05 --> Session: Class initialized using 'CodeIgniter\Session\Handlers\FileHandler' driver.
DEBUG - 2025-11-13 17:26:45 --> Session: Class initialized using 'CodeIgniter\Session\Handlers\FileHandler' driver.
DEBUG - 2025-11-13 17:26:52 --> Session: Class initialized using 'CodeIgniter\Session\Handlers\FileHandler' driver.
DEBUG - 2025-11-13 17:26:57 --> Session: Class initialized using 'CodeIgniter\Session\Handlers\FileHandler' driver.
DEBUG - 2025-11-13 17:28:16 --> Session: Class initialized using 'CodeIgniter\Session\Handlers\FileHandler' driver.
DEBUG - 2025-11-13 17:28:33 --> Session: Class initialized using 'CodeIgniter\Session\Handlers\FileHandler' driver.
DEBUG - 2025-11-13 17:31:00 --> Session: Class initialized using 'CodeIgniter\Session\Handlers\FileHandler' driver.
CRITICAL - 2025-11-13 17:37:09 --> ErrorException: Out of memory (allocated 4194304 bytes) (tried to allocate 32768 bytes)
[Method: GET, Route: __hot-reload]
in SYSTEMPATH\Router\DefinedRouteCollector.php on line 1.
 1 [internal function]: CodeIgniter\Debug\Exceptions->shutdownHandler()
DEBUG - 2025-11-13 17:37:09 --> Session: Class initialized using 'CodeIgniter\Session\Handlers\FileHandler' driver.
DEBUG - 2025-11-13 17:37:10 --> Session: Class initialized using 'CodeIgniter\Session\Handlers\FileHandler' driver.
DEBUG - 2025-11-13 17:51:36 --> Session: Class initialized using 'CodeIgniter\Session\Handlers\FileHandler' driver.
DEBUG - 2025-11-13 17:54:34 --> Session: Class initialized using 'CodeIgniter\Session\Handlers\FileHandler' driver.
DEBUG - 2025-11-13 17:54:35 --> Session: Class initialized using 'CodeIgniter\Session\Handlers\FileHandler' driver.
DEBUG - 2025-11-13 17:54:35 --> Session: Class initialized using 'CodeIgniter\Session\Handlers\FileHandler' driver.
DEBUG - 2025-11-13 17:54:36 --> Session: Class initialized using 'CodeIgniter\Session\Handlers\FileHandler' driver.
DEBUG - 2025-11-13 17:55:16 --> Session: Class initialized using 'CodeIgniter\Session\Handlers\FileHandler' driver.
